Build started 2014/7/27 2:30:06.
     1>Project "C:\Users\Yunfeng Bai\Documents\GitHub\ParticleFluids\cocos2d\cocos\2d\cocos2d.vcxproj" on node 2 (Rebuild target(s)).
     1>ClCompile:
         C:\Program Files (x86)\Microsoft Visual Studio 12.0\VC\bin\CL.exe /c /I"C:\Program Files (x86)\Microsoft SDKs\Windows\v7.1A\include" /I"C:\Users\Yunfeng Bai\Documents\GitHub\ParticleFluids\cocos2d\cocos\2d\..\..\external\sqlite3\include" /I"C:\Users\Yunfeng Bai\Documents\GitHub\ParticleFluids\cocos2d\cocos\2d\..\..\external\unzip" /I"C:\Users\Yunfeng Bai\Documents\GitHub\ParticleFluids\cocos2d\cocos\2d\..\..\external\edtaa3func" /I"C:\Users\Yunfeng Bai\Documents\GitHub\ParticleFluids\cocos2d\cocos\2d\..\..\external\tinyxml2" /I"C:\Users\Yunfeng Bai\Documents\GitHub\ParticleFluids\cocos2d\cocos\2d\..\..\external\png\include\win32" /I"C:\Users\Yunfeng Bai\Documents\GitHub\ParticleFluids\cocos2d\cocos\2d\..\..\external\jpeg\include\win32" /I"C:\Users\Yunfeng Bai\Documents\GitHub\ParticleFluids\cocos2d\cocos\2d\..\..\external\tiff\include\win32" /I"C:\Users\Yunfeng Bai\Documents\GitHub\ParticleFluids\cocos2d\cocos\2d\..\..\external\webp\include\win32" /I"C:\Users\Yunfeng Bai\Documents\GitHub\ParticleFluids\cocos2d\cocos\2d\..\..\external\freetype2\include\win32" /I"C:\Users\Yunfeng Bai\Documents\GitHub\ParticleFluids\cocos2d\cocos\2d\..\..\external\win32-specific\icon\include" /I"C:\Users\Yunfeng Bai\Documents\GitHub\ParticleFluids\cocos2d\cocos\2d\..\..\external\win32-specific\zlib\include" /I"C:\Users\Yunfeng Bai\Documents\GitHub\ParticleFluids\cocos2d\cocos\2d\..\..\external\chipmunk\include\chipmunk" /I"C:\Users\Yunfeng Bai\Documents\GitHub\ParticleFluids\cocos2d\cocos\2d\..\..\external\xxhash" /I"C:\Users\Yunfeng Bai\Documents\GitHub\ParticleFluids\cocos2d\cocos\2d\..\..\external\ConvertUTF" /I"C:\Users\Yunfeng Bai\Documents\GitHub\ParticleFluids\cocos2d\cocos\2d\..\..\cocos" /I"C:\Users\Yunfeng Bai\Documents\GitHub\ParticleFluids\cocos2d\cocos\2d\..\..\cocos\platform\win32" /I"C:\Users\Yunfeng Bai\Documents\GitHub\ParticleFluids\cocos2d\cocos\2d\..\..\cocos\platform\desktop" /I"C:\Users\Yunfeng Bai\Documents\GitHub\ParticleFluids\cocos2d\cocos\2d\..\..\external\glfw3\include\win32" /I"C:\Users\Yunfeng Bai\Documents\GitHub\ParticleFluids\cocos2d\cocos\2d\..\..\external\win32-specific\gles\include\OGLES" /Zi /nologo /W3 /WX- /MP /O2 /Oy- /D WIN32 /D NDEBUG /D _WINDOWS /D _LIB /D COCOS2DXWIN32_EXPORTS /D GL_GLEXT_PROTOTYPES /D _CRT_SECURE_NO_WARNINGS /D _SCL_SECURE_NO_WARNINGS /D _VARIADIC_MAX=10 /D _USING_V110_SDK71_ /D _UNICODE /D UNICODE /Gm- /EHsc /MD /GS /fp:precise /Zc:wchar_t /Zc:forScope /Fo"Release.win32\\" /Fd"Release.win32\vc120.pdb" /Gd /TP /wd4267 /wd4251 /wd4244 /analyze- /errorReport:prompt ..\..\external\ConvertUTF\ConvertUTF.c ..\..\external\ConvertUTF\ConvertUTFWrapper.cpp ..\..\external\edtaa3func\edtaa3func.cpp ..\..\external\tinyxml2\tinyxml2.cpp ..\..\external\unzip\ioapi.cpp ..\..\external\unzip\unzip.cpp ..\..\external\xxhash\xxhash.c ..\3d\CCMesh.cpp ..\3d\CCObjLoader.cpp ..\3d\CCSprite3D.cpp ..\3d\CCSprite3DDataCache.cpp ..\base\atitc.cpp ..\base\base64.cpp ..\base\CCAutoreleasePool.cpp ..\base\ccCArray.cpp ..\base\CCConfiguration.cpp ..\base\CCConsole.cpp ..\base\CCData.cpp ..\base\CCDataVisitor.cpp ..\base\CCDirector.cpp ..\base\CCEvent.cpp ..\base\CCEventAcceleration.cpp ..\base\CCEventCustom.cpp ..\base\CCEventDispatcher.cpp ..\base\CCEventFocus.cpp ..\base\CCEventKeyboard.cpp ..\base\CCEventListener.cpp ..\base\CCEventListenerAcceleration.cpp ..\base\CCEventListenerCustom.cpp ..\base\CCEventListenerFocus.cpp ..\base\CCEventListenerKeyboard.cpp ..\base\CCEventListenerMouse.cpp ..\base\CCEventListenerTouch.cpp ..\base\CCEventMouse.cpp ..\base\CCEventTouch.cpp ..\base\ccFPSImages.c ..\base\CCIMEDispatcher.cpp ..\base\CCNS.cpp ..\base\CCProfiling.cpp ..\base\CCRef.cpp ..\base\CCScheduler.cpp ..\base\CCScriptSupport.cpp ..\base\CCTouch.cpp ..\base\ccTypes.cpp ..\base\CCUserDefault.cpp ..\base\CCUserDefaultAndroid.cpp ..\base\ccUTF8.cpp ..\base\ccUtils.cpp ..\base\CCValue.cpp ..\base\etc1.cpp ..\base\ObjectFactory.cpp ..\base\s3tc.cpp ..\base\TGAlib.cpp ..\base\ZipUtils.cpp ..\cocos2d.cpp ..\deprecated\CCArray.cpp ..\deprecated\CCDeprecated.cpp ..\deprecated\CCDictionary.cpp ..\deprecated\CCNotificationCenter.cpp ..\deprecated\CCSet.cpp ..\deprecated\CCString.cpp ..\math\CCAffineTransform.cpp ..\math\CCGeometry.cpp ..\math\CCVertex.cpp ..\math\Mat4.cpp ..\math\MathUtil.cpp ..\math\Quaternion.cpp ..\math\TransformUtils.cpp ..\math\Vec2.cpp ..\math\Vec3.cpp ..\math\Vec4.cpp ..\physics\CCPhysicsBody.cpp ..\physics\CCPhysicsContact.cpp ..\physics\CCPhysicsJoint.cpp ..\physics\CCPhysicsShape.cpp ..\physics\CCPhysicsWorld.cpp ..\physics\chipmunk\CCPhysicsBodyInfo_chipmunk.cpp ..\physics\chipmunk\CCPhysicsContactInfo_chipmunk.cpp ..\physics\chipmunk\CCPhysicsJointInfo_chipmunk.cpp ..\physics\chipmunk\CCPhysicsShapeInfo_chipmunk.cpp ..\physics\chipmunk\CCPhysicsWorldInfo_chipmunk.cpp ..\platform\CCFileUtils.cpp ..\platform\CCGLViewProtocol.cpp ..\platform\CCImage.cpp ..\platform\CCSAXParser.cpp ..\platform\CCThread.cpp ..\platform\desktop\CCGLView.cpp ..\platform\win32\CCApplication.cpp ..\platform\win32\CCCommon.cpp ..\platform\win32\CCDevice.cpp ..\platform\win32\CCFileUtilsWin32.cpp ..\platform\win32\CCStdC.cpp ..\renderer\CCBatchCommand.cpp ..\renderer\CCCustomCommand.cpp ..\renderer\CCGLProgram.cpp ..\renderer\CCGLProgramCache.cpp ..\renderer\CCGLProgramState.cpp ..\renderer\CCGLProgramStateCache.cpp ..\renderer\ccGLStateCache.cpp ..\renderer\CCGroupCommand.cpp ..\renderer\CCMeshCommand.cpp ..\renderer\CCQuadCommand.cpp ..\renderer\CCRenderCommand.cpp ..\renderer\CCRenderer.cpp ..\renderer\ccShaders.cpp ..\renderer\CCTexture2D.cpp ..\renderer\CCTextureAtlas.cpp ..\renderer\CCTextureCache.cpp CCAction.cpp CCActionCamera.cpp CCActionCatmullRom.cpp CCActionEase.cpp CCActionGrid.cpp CCActionGrid3D.cpp CCActionInstant.cpp CCActionInterval.cpp CCActionManager.cpp CCActionPageTurn3D.cpp CCActionProgressTimer.cpp CCActionTiledGrid.cpp CCActionTween.cpp CCAnimation.cpp CCAnimationCache.cpp CCAtlasNode.cpp CCClippingNode.cpp CCComponent.cpp CCComponentContainer.cpp CCDrawingPrimitives.cpp CCDrawNode.cpp CCFont.cpp CCFontAtlas.cpp CCFontAtlasCache.cpp CCFontCharMap.cpp CCFontFNT.cpp CCFontFreeType.cpp CCGLBufferedNode.cpp CCGrabber.cpp CCGrid.cpp CCLabel.cpp CCLabelAtlas.cpp CCLabelBMFont.cpp CCLabelTextFormatter.cpp CCLabelTTF.cpp CCLayer.cpp CCMenu.cpp CCMenuItem.cpp CCMotionStreak.cpp CCNode.cpp CCNodeGrid.cpp CCParallaxNode.cpp CCParticleBatchNode.cpp CCParticleExamples.cpp CCParticleSystem.cpp CCParticleSystemQuad.cpp CCProgressTimer.cpp CCRenderTexture.cpp CCScene.cpp CCSprite.cpp CCSpriteBatchNode.cpp CCSpriteFrame.cpp CCSpriteFrameCache.cpp CCTextFieldTTF.cpp CCTileMapAtlas.cpp CCTMXLayer.cpp CCTMXObjectGroup.cpp CCTMXTiledMap.cpp CCTMXXMLParser.cpp CCTransition.cpp CCTransitionPageTurn.cpp CCTransitionProgress.cpp CCTweenFunction.cpp
         ConvertUTF.c
         ConvertUTFWrapper.cpp
         edtaa3func.cpp
         tinyxml2.cpp
         ioapi.cpp
         unzip.cpp
         xxhash.c
         CCMesh.cpp
     1>..\..\external\xxhash\xxhash.c(312): warning C4804: '/' : unsafe use of type 'bool' in operation
         CCObjLoader.cpp
         CCSprite3D.cpp
         CCSprite3DDataCache.cpp
         atitc.cpp
         base64.cpp
         CCAutoreleasePool.cpp
         ccCArray.cpp
         CCConfiguration.cpp
         CCConsole.cpp
         CCData.cpp
     1>..\3d\CCSprite3D.cpp(50): warning C4390: ';' : empty controlled statement found; is this the intent?
         CCDataVisitor.cpp
         CCDirector.cpp
         CCEvent.cpp
         CCEventAcceleration.cpp
         CCEventCustom.cpp
         CCEventDispatcher.cpp
         CCEventFocus.cpp
         CCEventKeyboard.cpp
         CCEventListener.cpp
         CCEventListenerAcceleration.cpp
         CCEventListenerCustom.cpp
         CCEventListenerFocus.cpp
         CCEventListenerKeyboard.cpp
         CCEventListenerMouse.cpp
         CCEventListenerTouch.cpp
         CCEventMouse.cpp
         CCEventTouch.cpp
         ccFPSImages.c
         CCIMEDispatcher.cpp
         CCNS.cpp
         CCProfiling.cpp
         CCRef.cpp
         CCScheduler.cpp
         CCScriptSupport.cpp
         CCTouch.cpp
         ccTypes.cpp
         CCUserDefault.cpp
         CCUserDefaultAndroid.cpp
         ccUTF8.cpp
         ccUtils.cpp
         CCValue.cpp
     1>..\base\ccUTF8.cpp(234): warning C4996: 'cocos2d::cc_wcslen': was declared deprecated
                 c:\users\yunfeng bai\documents\github\particlefluids\cocos2d\cocos\base\ccUTF8.h(130) : see declaration of 'cocos2d::cc_wcslen'
     1>..\base\ccUTF8.cpp(277): warning C4996: 'cocos2d::cc_wcslen': was declared deprecated
                 c:\users\yunfeng bai\documents\github\particlefluids\cocos2d\cocos\base\ccUTF8.h(130) : see declaration of 'cocos2d::cc_wcslen'
         etc1.cpp
         ObjectFactory.cpp
         s3tc.cpp
         TGAlib.cpp
         ZipUtils.cpp
         cocos2d.cpp
         CCArray.cpp
         CCDeprecated.cpp
         CCDictionary.cpp
         CCNotificationCenter.cpp
         CCSet.cpp
         CCString.cpp
         CCAffineTransform.cpp
         CCGeometry.cpp
         CCVertex.cpp
         Mat4.cpp
         MathUtil.cpp
         Quaternion.cpp
         TransformUtils.cpp
         Vec2.cpp
         Vec3.cpp
         Vec4.cpp
         CCPhysicsBody.cpp
         CCPhysicsContact.cpp
         CCPhysicsJoint.cpp
         CCPhysicsShape.cpp
     1>c:\users\yunfeng bai\documents\github\particlefluids\cocos2d\external\chipmunk\include\chipmunk\cpBB.h(105): warning C4056: overflow in floating-point constant arithmetic (..\physics\CCPhysicsBody.cpp)
     1>c:\users\yunfeng bai\documents\github\particlefluids\cocos2d\external\chipmunk\include\chipmunk\cpBB.h(111): warning C4056: overflow in floating-point constant arithmetic (..\physics\CCPhysicsBody.cpp)
         CCPhysicsWorld.cpp
     1>c:\users\yunfeng bai\documents\github\particlefluids\cocos2d\external\chipmunk\include\chipmunk\cpBB.h(105): warning C4056: overflow in floating-point constant arithmetic (..\physics\CCPhysicsContact.cpp)
     1>c:\users\yunfeng bai\documents\github\particlefluids\cocos2d\external\chipmunk\include\chipmunk\cpBB.h(111): warning C4056: overflow in floating-point constant arithmetic (..\physics\CCPhysicsContact.cpp)
         CCPhysicsBodyInfo_chipmunk.cpp
     1>c:\users\yunfeng bai\documents\github\particlefluids\cocos2d\external\chipmunk\include\chipmunk\cpBB.h(105): warning C4056: overflow in floating-point constant arithmetic (..\physics\chipmunk\CCPhysicsBodyInfo_chipmunk.cpp)
     1>c:\users\yunfeng bai\documents\github\particlefluids\cocos2d\external\chipmunk\include\chipmunk\cpBB.h(111): warning C4056: overflow in floating-point constant arithmetic (..\physics\chipmunk\CCPhysicsBodyInfo_chipmunk.cpp)
         CCPhysicsContactInfo_chipmunk.cpp
         CCPhysicsJointInfo_chipmunk.cpp
         CCPhysicsShapeInfo_chipmunk.cpp
     1>c:\users\yunfeng bai\documents\github\particlefluids\cocos2d\external\chipmunk\include\chipmunk\cpBB.h(105): warning C4056: overflow in floating-point constant arithmetic (..\physics\chipmunk\CCPhysicsContactInfo_chipmunk.cpp)
     1>c:\users\yunfeng bai\documents\github\particlefluids\cocos2d\external\chipmunk\include\chipmunk\cpBB.h(111): warning C4056: overflow in floating-point constant arithmetic (..\physics\chipmunk\CCPhysicsContactInfo_chipmunk.cpp)
     1>c:\users\yunfeng bai\documents\github\particlefluids\cocos2d\external\chipmunk\include\chipmunk\cpBB.h(105): warning C4056: overflow in floating-point constant arithmetic (..\physics\chipmunk\CCPhysicsJointInfo_chipmunk.cpp)
     1>c:\users\yunfeng bai\documents\github\particlefluids\cocos2d\external\chipmunk\include\chipmunk\cpBB.h(111): warning C4056: overflow in floating-point constant arithmetic (..\physics\chipmunk\CCPhysicsJointInfo_chipmunk.cpp)
         CCPhysicsWorldInfo_chipmunk.cpp
     1>c:\users\yunfeng bai\documents\github\particlefluids\cocos2d\external\chipmunk\include\chipmunk\cpBB.h(105): warning C4056: overflow in floating-point constant arithmetic (..\physics\CCPhysicsJoint.cpp)
     1>c:\users\yunfeng bai\documents\github\particlefluids\cocos2d\external\chipmunk\include\chipmunk\cpBB.h(111): warning C4056: overflow in floating-point constant arithmetic (..\physics\CCPhysicsJoint.cpp)
     1>c:\users\yunfeng bai\documents\github\particlefluids\cocos2d\external\chipmunk\include\chipmunk\cpBB.h(105): warning C4056: overflow in floating-point constant arithmetic (..\physics\chipmunk\CCPhysicsShapeInfo_chipmunk.cpp)
     1>c:\users\yunfeng bai\documents\github\particlefluids\cocos2d\external\chipmunk\include\chipmunk\cpBB.h(111): warning C4056: overflow in floating-point constant arithmetic (..\physics\chipmunk\CCPhysicsShapeInfo_chipmunk.cpp)
     1>c:\users\yunfeng bai\documents\github\particlefluids\cocos2d\external\chipmunk\include\chipmunk\cpBB.h(105): warning C4056: overflow in floating-point constant arithmetic (..\physics\chipmunk\CCPhysicsWorldInfo_chipmunk.cpp)
     1>c:\users\yunfeng bai\documents\github\particlefluids\cocos2d\external\chipmunk\include\chipmunk\cpBB.h(111): warning C4056: overflow in floating-point constant arithmetic (..\physics\chipmunk\CCPhysicsWorldInfo_chipmunk.cpp)
         CCFileUtils.cpp
     1>c:\users\yunfeng bai\documents\github\particlefluids\cocos2d\external\chipmunk\include\chipmunk\cpBB.h(105): warning C4056: overflow in floating-point constant arithmetic (..\physics\CCPhysicsShape.cpp)
     1>c:\users\yunfeng bai\documents\github\particlefluids\cocos2d\external\chipmunk\include\chipmunk\cpBB.h(111): warning C4056: overflow in floating-point constant arithmetic (..\physics\CCPhysicsShape.cpp)
         CCGLViewProtocol.cpp
     1>c:\users\yunfeng bai\documents\github\particlefluids\cocos2d\external\chipmunk\include\chipmunk\cpBB.h(105): warning C4056: overflow in floating-point constant arithmetic (..\physics\CCPhysicsWorld.cpp)
     1>c:\users\yunfeng bai\documents\github\particlefluids\cocos2d\external\chipmunk\include\chipmunk\cpBB.h(111): warning C4056: overflow in floating-point constant arithmetic (..\physics\CCPhysicsWorld.cpp)
         CCImage.cpp
         CCSAXParser.cpp
         CCThread.cpp
         CCGLView.cpp
         CCApplication.cpp
         CCCommon.cpp
         CCDevice.cpp
         CCFileUtilsWin32.cpp
         CCStdC.cpp
         CCBatchCommand.cpp
         CCCustomCommand.cpp
         CCGLProgram.cpp
         CCGLProgramCache.cpp
     1>c:\users\yunfeng bai\documents\github\particlefluids\cocos2d\cocos\platform\win32\CCFileUtilsWin32.h(102): warning C4996: 'cocos2d::FileUtils::getFileData': was declared deprecated (..\platform\win32\CCFileUtilsWin32.cpp)
                 C:\Users\Yunfeng Bai\Documents\GitHub\ParticleFluids\cocos2d\cocos\platform/CCFileUtils.h(101) : see declaration of 'cocos2d::FileUtils::getFileData'
         CCGLProgramState.cpp
         CCGLProgramStateCache.cpp
         ccGLStateCache.cpp
         CCGroupCommand.cpp
         CCMeshCommand.cpp
         CCQuadCommand.cpp
         CCRenderCommand.cpp
     1>..\renderer\ccGLStateCache.cpp(222): warning C4800: 'uint32_t' : forcing value to bool 'true' or 'false' (performance warning)
     1>..\renderer\ccGLStateCache.cpp(223): warning C4800: 'uint32_t' : forcing value to bool 'true' or 'false' (performance warning)
         CCRenderer.cpp
         ccShaders.cpp
         CCTexture2D.cpp
         CCTextureAtlas.cpp
         CCTextureCache.cpp
         CCAction.cpp
         CCActionCamera.cpp
         CCActionCatmullRom.cpp
         CCActionEase.cpp
         CCActionGrid.cpp
         CCActionGrid3D.cpp
         CCActionInstant.cpp
         CCActionInterval.cpp
         CCActionManager.cpp
         CCActionPageTurn3D.cpp
         CCActionProgressTimer.cpp
         CCActionTiledGrid.cpp
         CCActionTween.cpp
         CCAnimation.cpp
         CCAnimationCache.cpp
         CCAtlasNode.cpp
         CCClippingNode.cpp
         CCComponent.cpp
         CCComponentContainer.cpp
         CCDrawingPrimitives.cpp
         CCDrawNode.cpp
         CCFont.cpp
         CCFontAtlas.cpp
         CCFontAtlasCache.cpp
         CCFontCharMap.cpp
         CCFontFNT.cpp
         CCFontFreeType.cpp
         CCGLBufferedNode.cpp
         CCGrabber.cpp
         CCGrid.cpp
         CCLabel.cpp
         CCLabelAtlas.cpp
         CCLabelBMFont.cpp
         CCLabelTextFormatter.cpp
         CCLabelTTF.cpp
         CCLayer.cpp
         CCMenu.cpp
         CCMenuItem.cpp
     1>C:\Program Files (x86)\Microsoft Visual Studio 12.0\VC\include\functional(1149): warning C4800: 'unsigned int' : forcing value to bool 'true' or 'false' (performance warning) (CCLabel.cpp)
                 C:\Program Files (x86)\Microsoft Visual Studio 12.0\VC\include\functional(1137) : see reference to function template instantiation 'void std::_Bind<true,void,std::_Pmf_wrap<void (__thiscall cocos2d::Label::* )(const cocos2d::Mat4 &,bool),void,cocos2d::Label,const cocos2d::Mat4 &,bool>,cocos2d::Label *const ,const cocos2d::Mat4 &,uint32_t &>::_Do_call<,0,1,2>(std::tuple<>,std::_Arg_idx<0,1,2>)' being compiled
                 C:\Program Files (x86)\Microsoft Visual Studio 12.0\VC\include\functional(1137) : see reference to function template instantiation 'void std::_Bind<true,void,std::_Pmf_wrap<void (__thiscall cocos2d::Label::* )(const cocos2d::Mat4 &,bool),void,cocos2d::Label,const cocos2d::Mat4 &,bool>,cocos2d::Label *const ,const cocos2d::Mat4 &,uint32_t &>::_Do_call<,0,1,2>(std::tuple<>,std::_Arg_idx<0,1,2>)' being compiled
                 C:\Program Files (x86)\Microsoft Visual Studio 12.0\VC\include\xrefwrap(283) : see reference to function template instantiation 'void std::_Bind<true,void,std::_Pmf_wrap<void (__thiscall cocos2d::Label::* )(const cocos2d::Mat4 &,bool),void,cocos2d::Label,const cocos2d::Mat4 &,bool>,cocos2d::Label *const ,const cocos2d::Mat4 &,uint32_t &>::operator ()<>(void)' being compiled
                 C:\Program Files (x86)\Microsoft Visual Studio 12.0\VC\include\xrefwrap(283) : see reference to function template instantiation 'void std::_Bind<true,void,std::_Pmf_wrap<void (__thiscall cocos2d::Label::* )(const cocos2d::Mat4 &,bool),void,cocos2d::Label,const cocos2d::Mat4 &,bool>,cocos2d::Label *const ,const cocos2d::Mat4 &,uint32_t &>::operator ()<>(void)' being compiled
                 C:\Program Files (x86)\Microsoft Visual Studio 12.0\VC\include\functional(228) : see reference to function template instantiation '_Ret std::_Callable_obj<std::_Bind<true,_Ret,std::_Pmf_wrap<void (__thiscall cocos2d::Label::* )(const cocos2d::Mat4 &,bool),void,cocos2d::Label,const cocos2d::Mat4 &,bool>,cocos2d::Label *const ,const cocos2d::Mat4 &,uint32_t &>,false>::_ApplyX<_Rx,>(void)' being compiled
                 with
                 [
                     _Ret=void
         ,            _Rx=void
                 ]
                 C:\Program Files (x86)\Microsoft Visual Studio 12.0\VC\include\functional(228) : see reference to function template instantiation '_Ret std::_Callable_obj<std::_Bind<true,_Ret,std::_Pmf_wrap<void (__thiscall cocos2d::Label::* )(const cocos2d::Mat4 &,bool),void,cocos2d::Label,const cocos2d::Mat4 &,bool>,cocos2d::Label *const ,const cocos2d::Mat4 &,uint32_t &>,false>::_ApplyX<_Rx,>(void)' being compiled
                 with
                 [
                     _Ret=void
         ,            _Rx=void
                 ]
                 C:\Program Files (x86)\Microsoft Visual Studio 12.0\VC\include\functional(226) : while compiling class template member function 'void std::_Func_impl<_MyWrapper,_Alloc,_Ret,>::_Do_call(void)'
                 with
                 [
                     _Alloc=std::allocator<std::_Func_class<void,>>
         ,            _Ret=void
                 ]
                 C:\Program Files (x86)\Microsoft Visual Studio 12.0\VC\include\functional(495) : see reference to class template instantiation 'std::_Func_impl<_MyWrapper,_Alloc,_Ret,>' being compiled
                 with
                 [
                     _Alloc=std::allocator<std::_Func_class<void,>>
         ,            _Ret=void
                 ]
                 C:\Program Files (x86)\Microsoft Visual Studio 12.0\VC\include\functional(396) : see reference to function template instantiation 'void std::_Func_class<_Ret,>::_Do_alloc<_Myimpl,_Ty,_Alloc>(_Fty &&,_Alloc)' being compiled
                 with
                 [
                     _Ret=void
         ,            _Ty=std::_Bind<true,void,std::_Pmf_wrap<void (__thiscall cocos2d::Label::* )(const cocos2d::Mat4 &,bool),void,cocos2d::Label,const cocos2d::Mat4 &,bool>,cocos2d::Label *const ,const cocos2d::Mat4 &,uint32_t &>
         ,            _Alloc=std::allocator<std::_Func_class<void,>>
         ,            _Fty=std::_Bind<true,void,std::_Pmf_wrap<void (__thiscall cocos2d::Label::* )(const cocos2d::Mat4 &,bool),void,cocos2d::Label,const cocos2d::Mat4 &,bool>,cocos2d::Label *const ,const cocos2d::Mat4 &,uint32_t &>
                 ]
                 C:\Program Files (x86)\Microsoft Visual Studio 12.0\VC\include\functional(396) : see reference to function template instantiation 'void std::_Func_class<_Ret,>::_Do_alloc<_Myimpl,_Ty,_Alloc>(_Fty &&,_Alloc)' being compiled
                 with
                 [
                     _Ret=void
         ,            _Ty=std::_Bind<true,void,std::_Pmf_wrap<void (__thiscall cocos2d::Label::* )(const cocos2d::Mat4 &,bool),void,cocos2d::Label,const cocos2d::Mat4 &,bool>,cocos2d::Label *const ,const cocos2d::Mat4 &,uint32_t &>
         ,            _Alloc=std::allocator<std::_Func_class<void,>>
         ,            _Fty=std::_Bind<true,void,std::_Pmf_wrap<void (__thiscall cocos2d::Label::* )(const cocos2d::Mat4 &,bool),void,cocos2d::Label,const cocos2d::Mat4 &,bool>,cocos2d::Label *const ,const cocos2d::Mat4 &,uint32_t &>
                 ]
                 C:\Program Files (x86)\Microsoft Visual Studio 12.0\VC\include\functional(385) : see reference to function template instantiation 'void std::_Func_class<_Ret,>::_Reset_alloc<_Ty,std::allocator<std::_Func_class<_Ret,>>>(_Fty &&,_Alloc)' being compiled
                 with
                 [
                     _Ret=void
         ,            _Ty=std::_Bind<true,void,std::_Pmf_wrap<void (__thiscall cocos2d::Label::* )(const cocos2d::Mat4 &,bool),void,cocos2d::Label,const cocos2d::Mat4 &,bool>,cocos2d::Label *const ,const cocos2d::Mat4 &,uint32_t &>
         ,            _Fty=std::_Bind<true,void,std::_Pmf_wrap<void (__thiscall cocos2d::Label::* )(const cocos2d::Mat4 &,bool),void,cocos2d::Label,const cocos2d::Mat4 &,bool>,cocos2d::Label *const ,const cocos2d::Mat4 &,uint32_t &>
         ,            _Alloc=std::allocator<std::_Func_class<void,>>
                 ]
                 C:\Program Files (x86)\Microsoft Visual Studio 12.0\VC\include\functional(385) : see reference to function template instantiation 'void std::_Func_class<_Ret,>::_Reset_alloc<_Ty,std::allocator<std::_Func_class<_Ret,>>>(_Fty &&,_Alloc)' being compiled
                 with
                 [
                     _Ret=void
         ,            _Ty=std::_Bind<true,void,std::_Pmf_wrap<void (__thiscall cocos2d::Label::* )(const cocos2d::Mat4 &,bool),void,cocos2d::Label,const cocos2d::Mat4 &,bool>,cocos2d::Label *const ,const cocos2d::Mat4 &,uint32_t &>
         ,            _Fty=std::_Bind<true,void,std::_Pmf_wrap<void (__thiscall cocos2d::Label::* )(const cocos2d::Mat4 &,bool),void,cocos2d::Label,const cocos2d::Mat4 &,bool>,cocos2d::Label *const ,const cocos2d::Mat4 &,uint32_t &>
         ,            _Alloc=std::allocator<std::_Func_class<void,>>
                 ]
                 C:\Program Files (x86)\Microsoft Visual Studio 12.0\VC\include\functional(688) : see reference to function template instantiation 'void std::_Func_class<_Ret,>::_Reset<_Ty>(_Fty &&)' being compiled
                 with
                 [
                     _Ret=void
         ,            _Ty=std::_Bind<true,void,std::_Pmf_wrap<void (__thiscall cocos2d::Label::* )(const cocos2d::Mat4 &,bool),void,cocos2d::Label,const cocos2d::Mat4 &,bool>,cocos2d::Label *const ,const cocos2d::Mat4 &,uint32_t &>
         ,            _Fty=std::_Bind<true,void,std::_Pmf_wrap<void (__thiscall cocos2d::Label::* )(const cocos2d::Mat4 &,bool),void,cocos2d::Label,const cocos2d::Mat4 &,bool>,cocos2d::Label *const ,const cocos2d::Mat4 &,uint32_t &>
                 ]
                 C:\Program Files (x86)\Microsoft Visual Studio 12.0\VC\include\functional(688) : see reference to function template instantiation 'void std::_Func_class<_Ret,>::_Reset<_Ty>(_Fty &&)' being compiled
                 with
                 [
                     _Ret=void
         ,            _Ty=std::_Bind<true,void,std::_Pmf_wrap<void (__thiscall cocos2d::Label::* )(const cocos2d::Mat4 &,bool),void,cocos2d::Label,const cocos2d::Mat4 &,bool>,cocos2d::Label *const ,const cocos2d::Mat4 &,uint32_t &>
         ,            _Fty=std::_Bind<true,void,std::_Pmf_wrap<void (__thiscall cocos2d::Label::* )(const cocos2d::Mat4 &,bool),void,cocos2d::Label,const cocos2d::Mat4 &,bool>,cocos2d::Label *const ,const cocos2d::Mat4 &,uint32_t &>
                 ]
                 CCLabel.cpp(883) : see reference to function template instantiation 'std::function<void (void)> &std::function<void (void)>::operator =<std::_Bind<true,void,std::_Pmf_wrap<void (__thiscall cocos2d::Label::* )(const cocos2d::Mat4 &,bool),void,cocos2d::Label,const cocos2d::Mat4 &,bool>,cocos2d::Label *const ,const cocos2d::Mat4 &,uint32_t &>>(_Fx &&)' being compiled
                 with
                 [
                     _Fx=std::_Bind<true,void,std::_Pmf_wrap<void (__thiscall cocos2d::Label::* )(const cocos2d::Mat4 &,bool),void,cocos2d::Label,const cocos2d::Mat4 &,bool>,cocos2d::Label *const ,const cocos2d::Mat4 &,uint32_t &>
                 ]
                 CCLabel.cpp(883) : see reference to function template instantiation 'std::function<void (void)> &std::function<void (void)>::operator =<std::_Bind<true,void,std::_Pmf_wrap<void (__thiscall cocos2d::Label::* )(const cocos2d::Mat4 &,bool),void,cocos2d::Label,const cocos2d::Mat4 &,bool>,cocos2d::Label *const ,const cocos2d::Mat4 &,uint32_t &>>(_Fx &&)' being compiled
                 with
                 [
                     _Fx=std::_Bind<true,void,std::_Pmf_wrap<void (__thiscall cocos2d::Label::* )(const cocos2d::Mat4 &,bool),void,cocos2d::Label,const cocos2d::Mat4 &,bool>,cocos2d::Label *const ,const cocos2d::Mat4 &,uint32_t &>
                 ]
         CCMotionStreak.cpp
         CCNode.cpp
         CCNodeGrid.cpp
         CCParallaxNode.cpp
         CCParticleBatchNode.cpp
         CCParticleExamples.cpp
         CCParticleSystem.cpp
         CCParticleSystemQuad.cpp
         CCProgressTimer.cpp
         CCRenderTexture.cpp
         CCScene.cpp
         CCSprite.cpp
         CCSpriteBatchNode.cpp
         CCSpriteFrame.cpp
         CCSpriteFrameCache.cpp
         CCTextFieldTTF.cpp
         CCTileMapAtlas.cpp
         CCTMXLayer.cpp
         CCTMXObjectGroup.cpp
         CCTMXTiledMap.cpp
         CCTMXXMLParser.cpp
         CCTransition.cpp
         CCTransitionPageTurn.cpp
         CCTransitionProgress.cpp
         CCTweenFunction.cpp
       PreLinkEvent:
         if not exist "C:\Users\Yunfeng Bai\Documents\GitHub\ParticleFluids\proj.win32\Release.win32\" mkdir "C:\Users\Yunfeng Bai\Documents\GitHub\ParticleFluids\proj.win32\Release.win32\"
         xcopy /Y /Q "C:\Users\Yunfeng Bai\Documents\GitHub\ParticleFluids\cocos2d\cocos\2d\..\..\external\freetype2\prebuilt\win32\*.*" "C:\Users\Yunfeng Bai\Documents\GitHub\ParticleFluids\proj.win32\Release.win32\"
         xcopy /Y /Q "C:\Users\Yunfeng Bai\Documents\GitHub\ParticleFluids\cocos2d\cocos\2d\..\..\external\glfw3\prebuilt\win32\*.*" "C:\Users\Yunfeng Bai\Documents\GitHub\ParticleFluids\proj.win32\Release.win32\"
         xcopy /Y /Q "C:\Users\Yunfeng Bai\Documents\GitHub\ParticleFluids\cocos2d\cocos\2d\..\..\external\curl\prebuilt\win32\*.*" "C:\Users\Yunfeng Bai\Documents\GitHub\ParticleFluids\proj.win32\Release.win32\"
         xcopy /Y /Q "C:\Users\Yunfeng Bai\Documents\GitHub\ParticleFluids\cocos2d\cocos\2d\..\..\external\jpeg\prebuilt\win32\*.*" "C:\Users\Yunfeng Bai\Documents\GitHub\ParticleFluids\proj.win32\Release.win32\"
         xcopy /Y /Q "C:\Users\Yunfeng Bai\Documents\GitHub\ParticleFluids\cocos2d\cocos\2d\..\..\external\png\prebuilt\win32\*.*" "C:\Users\Yunfeng Bai\Documents\GitHub\ParticleFluids\proj.win32\Release.win32\"
         xcopy /Y /Q "C:\Users\Yunfeng Bai\Documents\GitHub\ParticleFluids\cocos2d\cocos\2d\..\..\external\tiff\prebuilt\win32\*.*" "C:\Users\Yunfeng Bai\Documents\GitHub\ParticleFluids\proj.win32\Release.win32\"
         xcopy /Y /Q "C:\Users\Yunfeng Bai\Documents\GitHub\ParticleFluids\cocos2d\cocos\2d\..\..\external\webp\prebuilt\win32\*.*" "C:\Users\Yunfeng Bai\Documents\GitHub\ParticleFluids\proj.win32\Release.win32\"
         xcopy /Y /Q "C:\Users\Yunfeng Bai\Documents\GitHub\ParticleFluids\cocos2d\cocos\2d\..\..\external\win32-specific\zlib\prebuilt\*.*" "C:\Users\Yunfeng Bai\Documents\GitHub\ParticleFluids\proj.win32\Release.win32\"
         xcopy /Y /Q "C:\Users\Yunfeng Bai\Documents\GitHub\ParticleFluids\cocos2d\cocos\2d\..\..\external\win32-specific\icon\prebuilt\*.*" "C:\Users\Yunfeng Bai\Documents\GitHub\ParticleFluids\proj.win32\Release.win32\"
         xcopy /Y /Q "C:\Users\Yunfeng Bai\Documents\GitHub\ParticleFluids\cocos2d\cocos\2d\..\..\external\win32-specific\gles\prebuilt\*.*" "C:\Users\Yunfeng Bai\Documents\GitHub\ParticleFluids\proj.win32\Release.win32\"
         
         :VCEnd
         复制了 1 个文件
         复制了 1 个文件
         复制了 2 个文件
         复制了 1 个文件
         复制了 1 个文件
         复制了 2 个文件
         复制了 1 个文件
         复制了 2 个文件
         复制了 2 个文件
         复制了 2 个文件
       Lib:
         C:\Program Files (x86)\Microsoft Visual Studio 12.0\VC\bin\Lib.exe /OUT:"C:\Users\Yunfeng Bai\Documents\GitHub\ParticleFluids\proj.win32\Release.win32\libcocos2d.lib" /NOLOGO Release.win32\ConvertUTF.obj
         Release.win32\ConvertUTFWrapper.obj
         Release.win32\edtaa3func.obj
         Release.win32\tinyxml2.obj
         Release.win32\ioapi.obj
         Release.win32\unzip.obj
         Release.win32\xxhash.obj
         Release.win32\CCMesh.obj
         Release.win32\CCObjLoader.obj
         Release.win32\CCSprite3D.obj
         Release.win32\CCSprite3DDataCache.obj
         Release.win32\atitc.obj
         Release.win32\base64.obj
         Release.win32\CCAutoreleasePool.obj
         Release.win32\ccCArray.obj
         Release.win32\CCConfiguration.obj
         Release.win32\CCConsole.obj
         Release.win32\CCData.obj
         Release.win32\CCDataVisitor.obj
         Release.win32\CCDirector.obj
         Release.win32\CCEvent.obj
         Release.win32\CCEventAcceleration.obj
         Release.win32\CCEventCustom.obj
         Release.win32\CCEventDispatcher.obj
         Release.win32\CCEventFocus.obj
         Release.win32\CCEventKeyboard.obj
         Release.win32\CCEventListener.obj
         Release.win32\CCEventListenerAcceleration.obj
         Release.win32\CCEventListenerCustom.obj
         Release.win32\CCEventListenerFocus.obj
         Release.win32\CCEventListenerKeyboard.obj
         Release.win32\CCEventListenerMouse.obj
         Release.win32\CCEventListenerTouch.obj
         Release.win32\CCEventMouse.obj
         Release.win32\CCEventTouch.obj
         Release.win32\ccFPSImages.obj
         Release.win32\CCIMEDispatcher.obj
         Release.win32\CCNS.obj
         Release.win32\CCProfiling.obj
         Release.win32\CCRef.obj
         Release.win32\CCScheduler.obj
         Release.win32\CCScriptSupport.obj
         Release.win32\CCTouch.obj
         Release.win32\ccTypes.obj
         Release.win32\CCUserDefault.obj
         Release.win32\CCUserDefaultAndroid.obj
         Release.win32\ccUTF8.obj
         Release.win32\ccUtils.obj
         Release.win32\CCValue.obj
         Release.win32\etc1.obj
         Release.win32\ObjectFactory.obj
         Release.win32\s3tc.obj
         Release.win32\TGAlib.obj
         Release.win32\ZipUtils.obj
         Release.win32\cocos2d.obj
         Release.win32\CCArray.obj
         Release.win32\CCDeprecated.obj
         Release.win32\CCDictionary.obj
         Release.win32\CCNotificationCenter.obj
         Release.win32\CCSet.obj
         Release.win32\CCString.obj
         Release.win32\CCAffineTransform.obj
         Release.win32\CCGeometry.obj
         Release.win32\CCVertex.obj
         Release.win32\Mat4.obj
         Release.win32\MathUtil.obj
         Release.win32\Quaternion.obj
         Release.win32\TransformUtils.obj
         Release.win32\Vec2.obj
         Release.win32\Vec3.obj
         Release.win32\Vec4.obj
         Release.win32\CCPhysicsBody.obj
         Release.win32\CCPhysicsContact.obj
         Release.win32\CCPhysicsJoint.obj
         Release.win32\CCPhysicsShape.obj
         Release.win32\CCPhysicsWorld.obj
         Release.win32\CCPhysicsBodyInfo_chipmunk.obj
         Release.win32\CCPhysicsContactInfo_chipmunk.obj
         Release.win32\CCPhysicsJointInfo_chipmunk.obj
         Release.win32\CCPhysicsShapeInfo_chipmunk.obj
         Release.win32\CCPhysicsWorldInfo_chipmunk.obj
         Release.win32\CCFileUtils.obj
         Release.win32\CCGLViewProtocol.obj
         Release.win32\CCImage.obj
         Release.win32\CCSAXParser.obj
         Release.win32\CCThread.obj
         Release.win32\CCGLView.obj
         Release.win32\CCApplication.obj
         Release.win32\CCCommon.obj
         Release.win32\CCDevice.obj
         Release.win32\CCFileUtilsWin32.obj
         Release.win32\CCStdC.obj
         Release.win32\CCBatchCommand.obj
         Release.win32\CCCustomCommand.obj
         Release.win32\CCGLProgram.obj
         Release.win32\CCGLProgramCache.obj
         Release.win32\CCGLProgramState.obj
         Release.win32\CCGLProgramStateCache.obj
         Release.win32\ccGLStateCache.obj
         Release.win32\CCGroupCommand.obj
         Release.win32\CCMeshCommand.obj
         Release.win32\CCQuadCommand.obj
         Release.win32\CCRenderCommand.obj
         Release.win32\CCRenderer.obj
         Release.win32\ccShaders.obj
         Release.win32\CCTexture2D.obj
         Release.win32\CCTextureAtlas.obj
         Release.win32\CCTextureCache.obj
         Release.win32\CCAction.obj
         Release.win32\CCActionCamera.obj
         Release.win32\CCActionCatmullRom.obj
         Release.win32\CCActionEase.obj
         Release.win32\CCActionGrid.obj
         Release.win32\CCActionGrid3D.obj
         Release.win32\CCActionInstant.obj
         Release.win32\CCActionInterval.obj
         Release.win32\CCActionManager.obj
         Release.win32\CCActionPageTurn3D.obj
         Release.win32\CCActionProgressTimer.obj
         Release.win32\CCActionTiledGrid.obj
         Release.win32\CCActionTween.obj
         Release.win32\CCAnimation.obj
         Release.win32\CCAnimationCache.obj
         Release.win32\CCAtlasNode.obj
         Release.win32\CCClippingNode.obj
         Release.win32\CCComponent.obj
         Release.win32\CCComponentContainer.obj
         Release.win32\CCDrawingPrimitives.obj
         Release.win32\CCDrawNode.obj
         Release.win32\CCFont.obj
         Release.win32\CCFontAtlas.obj
         Release.win32\CCFontAtlasCache.obj
         Release.win32\CCFontCharMap.obj
         Release.win32\CCFontFNT.obj
         Release.win32\CCFontFreeType.obj
         Release.win32\CCGLBufferedNode.obj
         Release.win32\CCGrabber.obj
         Release.win32\CCGrid.obj
         Release.win32\CCLabel.obj
         Release.win32\CCLabelAtlas.obj
         Release.win32\CCLabelBMFont.obj
         Release.win32\CCLabelTextFormatter.obj
         Release.win32\CCLabelTTF.obj
         Release.win32\CCLayer.obj
         Release.win32\CCMenu.obj
         Release.win32\CCMenuItem.obj
         Release.win32\CCMotionStreak.obj
         Release.win32\CCNode.obj
         Release.win32\CCNodeGrid.obj
         Release.win32\CCParallaxNode.obj
         Release.win32\CCParticleBatchNode.obj
         Release.win32\CCParticleExamples.obj
         Release.win32\CCParticleSystem.obj
         Release.win32\CCParticleSystemQuad.obj
         Release.win32\CCProgressTimer.obj
         Release.win32\CCRenderTexture.obj
         Release.win32\CCScene.obj
         Release.win32\CCSprite.obj
         Release.win32\CCSpriteBatchNode.obj
         Release.win32\CCSpriteFrame.obj
         Release.win32\CCSpriteFrameCache.obj
         Release.win32\CCTextFieldTTF.obj
         Release.win32\CCTileMapAtlas.obj
         Release.win32\CCTMXLayer.obj
         Release.win32\CCTMXObjectGroup.obj
         Release.win32\CCTMXTiledMap.obj
         Release.win32\CCTMXXMLParser.obj
         Release.win32\CCTransition.obj
         Release.win32\CCTransitionPageTurn.obj
         Release.win32\CCTransitionProgress.obj
         Release.win32\CCTweenFunction.obj
     1>CCUserDefaultAndroid.obj : warning LNK4221: This object file does not define any previously undefined public symbols, so it will not be used by any link operation that consumes this library
         cocos2d.vcxproj -> C:\Users\Yunfeng Bai\Documents\GitHub\ParticleFluids\proj.win32\Release.win32\libcocos2d.lib
     1>Done Building Project "C:\Users\Yunfeng Bai\Documents\GitHub\ParticleFluids\cocos2d\cocos\2d\cocos2d.vcxproj" (Rebuild target(s)).

Build succeeded.

Time Elapsed 00:00:50.00
